[framework] 2017-06-20 20:40:36,788 - org.apache.http.client.protocol.RequestAddCookies -0    [main] DEBUG org.apache.http.client.protocol.RequestAddCookies  - CookieSpec selected: default
[framework] 2017-06-20 20:40:36,817 - org.apache.http.client.protocol.RequestAuthCache -29   [main] DEBUG org.apache.http.client.protocol.RequestAuthCache  - Auth cache not set in the context
[framework] 2017-06-20 20:40:36,819 - org.apache.http.impl.conn.PoolingHttpClientConnectionManager -31   [main] DEBUG org.apache.http.impl.conn.PoolingHttpClientConnectionManager  - Connection request: [route: {}->http://api.fanyi.baidu.com:80][total kept alive: 0; route allocated: 0 of 2; total allocated: 0 of 20]
[framework] 2017-06-20 20:40:36,839 - org.apache.http.impl.conn.PoolingHttpClientConnectionManager -51   [main] DEBUG org.apache.http.impl.conn.PoolingHttpClientConnectionManager  - Connection leased: [id: 0][route: {}->http://api.fanyi.baidu.com:80][total kept alive: 0; route allocated: 1 of 2; total allocated: 1 of 20]
[framework] 2017-06-20 20:40:36,842 - org.apache.http.impl.execchain.MainClientExec -54   [main] DEBUG org.apache.http.impl.execchain.MainClientExec  - Opening connection {}->http://api.fanyi.baidu.com:80
[framework] 2017-06-20 20:40:36,850 - org.apache.http.impl.conn.DefaultHttpClientConnectionOperator -62   [main] DEBUG org.apache.http.impl.conn.DefaultHttpClientConnectionOperator  - Connecting to api.fanyi.baidu.com/202.108.23.153:80
[framework] 2017-06-20 20:40:36,867 - org.apache.http.impl.conn.DefaultHttpClientConnectionOperator -79   [main] DEBUG org.apache.http.impl.conn.DefaultHttpClientConnectionOperator  - Connection established 219.216.72.216:51330<->202.108.23.153:80
[framework] 2017-06-20 20:40:36,867 - org.apache.http.impl.conn.DefaultManagedHttpClientConnection -79   [main] DEBUG org.apache.http.impl.conn.DefaultManagedHttpClientConnection  - http-outgoing-0: set socket timeout to 5000
[framework] 2017-06-20 20:40:36,867 - org.apache.http.impl.execchain.MainClientExec -79   [main] DEBUG org.apache.http.impl.execchain.MainClientExec  - Executing request GET /public/2.0/bmt/translate?client_id=cxE4PWzno4Zx13LAvHX7ND5j&q=This+is+a+question&from=en&to=zh HTTP/1.1
[framework] 2017-06-20 20:40:36,867 - org.apache.http.impl.execchain.MainClientExec -79   [main] DEBUG org.apache.http.impl.execchain.MainClientExec  - Target auth state: UNCHALLENGED
[framework] 2017-06-20 20:40:36,868 - org.apache.http.impl.execchain.MainClientExec -80   [main] DEBUG org.apache.http.impl.execchain.MainClientExec  - Proxy auth state: UNCHALLENGED
[framework] 2017-06-20 20:40:36,870 - org.apache.http.headers -82   [main] DEBUG org.apache.http.headers  - http-outgoing-0 >> GET /public/2.0/bmt/translate?client_id=cxE4PWzno4Zx13LAvHX7ND5j&q=This+is+a+question&from=en&to=zh HTTP/1.1
[framework] 2017-06-20 20:40:36,870 - org.apache.http.headers -82   [main] DEBUG org.apache.http.headers  - http-outgoing-0 >> Host: api.fanyi.baidu.com
[framework] 2017-06-20 20:40:36,870 - org.apache.http.headers -82   [main] DEBUG org.apache.http.headers  - http-outgoing-0 >> Connection: Keep-Alive
[framework] 2017-06-20 20:40:36,870 - org.apache.http.headers -82   [main] DEBUG org.apache.http.headers  - http-outgoing-0 >> User-Agent: Apache-HttpClient/4.5.3 (Java/1.8.0_131)
[framework] 2017-06-20 20:40:36,870 - org.apache.http.headers -82   [main] DEBUG org.apache.http.headers  - http-outgoing-0 >> Accept-Encoding: gzip,deflate
[framework] 2017-06-20 20:40:36,871 - org.apache.http.wire -83   [main] DEBUG org.apache.http.wire  - http-outgoing-0 >> "GET /public/2.0/bmt/translate?client_id=cxE4PWzno4Zx13LAvHX7ND5j&q=This+is+a+question&from=en&to=zh HTTP/1.1[\r][\n]"
[framework] 2017-06-20 20:40:36,871 - org.apache.http.wire -83   [main] DEBUG org.apache.http.wire  - http-outgoing-0 >> "Host: api.fanyi.baidu.com[\r][\n]"
[framework] 2017-06-20 20:40:36,871 - org.apache.http.wire -83   [main] DEBUG org.apache.http.wire  - http-outgoing-0 >> "Connection: Keep-Alive[\r][\n]"
[framework] 2017-06-20 20:40:36,871 - org.apache.http.wire -83   [main] DEBUG org.apache.http.wire  - http-outgoing-0 >> "User-Agent: Apache-HttpClient/4.5.3 (Java/1.8.0_131)[\r][\n]"
[framework] 2017-06-20 20:40:36,871 - org.apache.http.wire -83   [main] DEBUG org.apache.http.wire  - http-outgoing-0 >> "Accept-Encoding: gzip,deflate[\r][\n]"
[framework] 2017-06-20 20:40:36,871 - org.apache.http.wire -83   [main] DEBUG org.apache.http.wire  - http-outgoing-0 >> "[\r][\n]"
[framework] 2017-06-20 20:40:36,888 - org.apache.http.wire -100  [main] DEBUG org.apache.http.wire  - http-outgoing-0 << "HTTP/1.1 302 Moved Temporarily[\r][\n]"
[framework] 2017-06-20 20:40:36,888 - org.apache.http.wire -100  [main] DEBUG org.apache.http.wire  - http-outgoing-0 << "Date: Tue, 20 Jun 2017 12:40:36 GMT[\r][\n]"
[framework] 2017-06-20 20:40:36,888 - org.apache.http.wire -100  [main] DEBUG org.apache.http.wire  - http-outgoing-0 << "Content-Type: text/html[\r][\n]"
[framework] 2017-06-20 20:40:36,888 - org.apache.http.wire -100  [main] DEBUG org.apache.http.wire  - http-outgoing-0 << "Transfer-Encoding: chunked[\r][\n]"
[framework] 2017-06-20 20:40:36,888 - org.apache.http.wire -100  [main] DEBUG org.apache.http.wire  - http-outgoing-0 << "Connection: keep-alive[\r][\n]"
[framework] 2017-06-20 20:40:36,888 - org.apache.http.wire -100  [main] DEBUG org.apache.http.wire  - http-outgoing-0 << "Location: /api/trans/product/index[\r][\n]"
[framework] 2017-06-20 20:40:36,888 - org.apache.http.wire -100  [main] DEBUG org.apache.http.wire  - http-outgoing-0 << "Set-Cookie: BAIDUID=DE440FD6DCBEB4E674308B0F8DCC004D:FG=1; expires=Wed, 20-Jun-18 12:40:36 GMT; max-age=31536000; path=/; domain=.baidu.com; version=1[\r][\n]"
[framework] 2017-06-20 20:40:36,888 - org.apache.http.wire -100  [main] DEBUG org.apache.http.wire  - http-outgoing-0 << "P3P: CP=" OTI DSP COR IVA OUR IND COM "[\r][\n]"
[framework] 2017-06-20 20:40:36,888 - org.apache.http.wire -100  [main] DEBUG org.apache.http.wire  - http-outgoing-0 << "tracecode: 24369551110762124810062020[\r][\n]"
[framework] 2017-06-20 20:40:36,888 - org.apache.http.wire -100  [main] DEBUG org.apache.http.wire  - http-outgoing-0 << "Set-Cookie: BAIDUID=DE440FD6DCBEB4E626963E9C4112B496:FG=1; expires=Wed, 20-Jun-18 12:40:36 GMT; max-age=31536000; path=/; domain=.baidu.com; version=1[\r][\n]"
[framework] 2017-06-20 20:40:36,889 - org.apache.http.wire -101  [main] DEBUG org.apache.http.wire  - http-outgoing-0 << "P3P: CP=" OTI DSP COR IVA OUR IND COM "[\r][\n]"
[framework] 2017-06-20 20:40:36,889 - org.apache.http.wire -101  [main] DEBUG org.apache.http.wire  - http-outgoing-0 << "tracecode: 24368630901238374922062020[\r][\n]"
[framework] 2017-06-20 20:40:36,889 - org.apache.http.wire -101  [main] DEBUG org.apache.http.wire  - http-outgoing-0 << "Server: Apache[\r][\n]"
[framework] 2017-06-20 20:40:36,889 - org.apache.http.wire -101  [main] DEBUG org.apache.http.wire  - http-outgoing-0 << "[\r][\n]"
[framework] 2017-06-20 20:40:36,889 - org.apache.http.wire -101  [main] DEBUG org.apache.http.wire  - http-outgoing-0 << "0[\r][\n]"
[framework] 2017-06-20 20:40:36,889 - org.apache.http.wire -101  [main] DEBUG org.apache.http.wire  - http-outgoing-0 << "[\r][\n]"
[framework] 2017-06-20 20:40:36,892 - org.apache.http.headers -104  [main] DEBUG org.apache.http.headers  - http-outgoing-0 << HTTP/1.1 302 Moved Temporarily
[framework] 2017-06-20 20:40:36,892 - org.apache.http.headers -104  [main] DEBUG org.apache.http.headers  - http-outgoing-0 << Date: Tue, 20 Jun 2017 12:40:36 GMT
[framework] 2017-06-20 20:40:36,892 - org.apache.http.headers -104  [main] DEBUG org.apache.http.headers  - http-outgoing-0 << Content-Type: text/html
[framework] 2017-06-20 20:40:36,892 - org.apache.http.headers -104  [main] DEBUG org.apache.http.headers  - http-outgoing-0 << Transfer-Encoding: chunked
[framework] 2017-06-20 20:40:36,892 - org.apache.http.headers -104  [main] DEBUG org.apache.http.headers  - http-outgoing-0 << Connection: keep-alive
[framework] 2017-06-20 20:40:36,892 - org.apache.http.headers -104  [main] DEBUG org.apache.http.headers  - http-outgoing-0 << Location: /api/trans/product/index
[framework] 2017-06-20 20:40:36,892 - org.apache.http.headers -104  [main] DEBUG org.apache.http.headers  - http-outgoing-0 << Set-Cookie: BAIDUID=DE440FD6DCBEB4E674308B0F8DCC004D:FG=1; expires=Wed, 20-Jun-18 12:40:36 GMT; max-age=31536000; path=/; domain=.baidu.com; version=1
[framework] 2017-06-20 20:40:36,892 - org.apache.http.headers -104  [main] DEBUG org.apache.http.headers  - http-outgoing-0 << P3P: CP=" OTI DSP COR IVA OUR IND COM "
[framework] 2017-06-20 20:40:36,892 - org.apache.http.headers -104  [main] DEBUG org.apache.http.headers  - http-outgoing-0 << tracecode: 24369551110762124810062020
[framework] 2017-06-20 20:40:36,892 - org.apache.http.headers -104  [main] DEBUG org.apache.http.headers  - http-outgoing-0 << Set-Cookie: BAIDUID=DE440FD6DCBEB4E626963E9C4112B496:FG=1; expires=Wed, 20-Jun-18 12:40:36 GMT; max-age=31536000; path=/; domain=.baidu.com; version=1
[framework] 2017-06-20 20:40:36,892 - org.apache.http.headers -104  [main] DEBUG org.apache.http.headers  - http-outgoing-0 << P3P: CP=" OTI DSP COR IVA OUR IND COM "
[framework] 2017-06-20 20:40:36,892 - org.apache.http.headers -104  [main] DEBUG org.apache.http.headers  - http-outgoing-0 << tracecode: 24368630901238374922062020
[framework] 2017-06-20 20:40:36,892 - org.apache.http.headers -104  [main] DEBUG org.apache.http.headers  - http-outgoing-0 << Server: Apache
[framework] 2017-06-20 20:40:36,906 - org.apache.http.impl.execchain.MainClientExec -118  [main] DEBUG org.apache.http.impl.execchain.MainClientExec  - Connection can be kept alive indefinitely
[framework] 2017-06-20 20:40:36,949 - org.apache.http.client.protocol.ResponseProcessCookies -161  [main] DEBUG org.apache.http.client.protocol.ResponseProcessCookies  - Cookie accepted [BAIDUID="DE440FD6DCBEB4E674308B0F8DCC004D:FG=1", version:0, domain:baidu.com, path:/, expiry:Wed Jun 20 20:40:36 CST 2018]
[framework] 2017-06-20 20:40:36,968 - org.apache.http.client.protocol.ResponseProcessCookies -180  [main] DEBUG org.apache.http.client.protocol.ResponseProcessCookies  - Cookie accepted [BAIDUID="DE440FD6DCBEB4E626963E9C4112B496:FG=1", version:0, domain:baidu.com, path:/, expiry:Wed Jun 20 20:40:36 CST 2018]
[framework] 2017-06-20 20:40:36,968 - org.apache.http.impl.client.DefaultRedirectStrategy -180  [main] DEBUG org.apache.http.impl.client.DefaultRedirectStrategy  - Redirect requested to location '/api/trans/product/index'
[framework] 2017-06-20 20:40:36,972 - org.apache.http.impl.execchain.RedirectExec -184  [main] DEBUG org.apache.http.impl.execchain.RedirectExec  - Resetting target auth state
[framework] 2017-06-20 20:40:36,972 - org.apache.http.impl.execchain.RedirectExec -184  [main] DEBUG org.apache.http.impl.execchain.RedirectExec  - Redirecting to 'http://api.fanyi.baidu.com/api/trans/product/index' via {}->http://api.fanyi.baidu.com:80
[framework] 2017-06-20 20:40:36,973 - org.apache.http.impl.conn.PoolingHttpClientConnectionManager -185  [main] DEBUG org.apache.http.impl.conn.PoolingHttpClientConnectionManager  - Connection [id: 0][route: {}->http://api.fanyi.baidu.com:80] can be kept alive indefinitely
[framework] 2017-06-20 20:40:36,974 - org.apache.http.impl.conn.PoolingHttpClientConnectionManager -186  [main] DEBUG org.apache.http.impl.conn.PoolingHttpClientConnectionManager  - Connection released: [id: 0][route: {}->http://api.fanyi.baidu.com:80][total kept alive: 1; route allocated: 1 of 2; total allocated: 1 of 20]
[framework] 2017-06-20 20:40:36,974 - org.apache.http.client.protocol.RequestAddCookies -186  [main] DEBUG org.apache.http.client.protocol.RequestAddCookies  - CookieSpec selected: default
[framework] 2017-06-20 20:40:37,023 - org.apache.http.client.protocol.RequestAddCookies -235  [main] DEBUG org.apache.http.client.protocol.RequestAddCookies  - Cookie [version: 0][name: BAIDUID][value: DE440FD6DCBEB4E626963E9C4112B496:FG=1][domain: baidu.com][path: /][expiry: Wed Jun 20 20:40:36 CST 2018] match [api.fanyi.baidu.com:80/api/trans/product/index]
[framework] 2017-06-20 20:40:37,025 - org.apache.http.client.protocol.RequestAuthCache -237  [main] DEBUG org.apache.http.client.protocol.RequestAuthCache  - Auth cache not set in the context
[framework] 2017-06-20 20:40:37,025 - org.apache.http.impl.conn.PoolingHttpClientConnectionManager -237  [main] DEBUG org.apache.http.impl.conn.PoolingHttpClientConnectionManager  - Connection request: [route: {}->http://api.fanyi.baidu.com:80][total kept alive: 1; route allocated: 1 of 2; total allocated: 1 of 20]
[framework] 2017-06-20 20:40:37,032 - org.apache.http.impl.conn.PoolingHttpClientConnectionManager -244  [main] DEBUG org.apache.http.impl.conn.PoolingHttpClientConnectionManager  - Connection leased: [id: 0][route: {}->http://api.fanyi.baidu.com:80][total kept alive: 0; route allocated: 1 of 2; total allocated: 1 of 20]
[framework] 2017-06-20 20:40:37,032 - org.apache.http.impl.conn.DefaultManagedHttpClientConnection -244  [main] DEBUG org.apache.http.impl.conn.DefaultManagedHttpClientConnection  - http-outgoing-0: set socket timeout to 5000
[framework] 2017-06-20 20:40:37,038 - org.apache.http.impl.execchain.MainClientExec -250  [main] DEBUG org.apache.http.impl.execchain.MainClientExec  - Executing request GET /api/trans/product/index HTTP/1.1
[framework] 2017-06-20 20:40:37,039 - org.apache.http.impl.execchain.MainClientExec -251  [main] DEBUG org.apache.http.impl.execchain.MainClientExec  - Target auth state: UNCHALLENGED
[framework] 2017-06-20 20:40:37,039 - org.apache.http.impl.execchain.MainClientExec -251  [main] DEBUG org.apache.http.impl.execchain.MainClientExec  - Proxy auth state: UNCHALLENGED
[framework] 2017-06-20 20:40:37,039 - org.apache.http.headers -251  [main] DEBUG org.apache.http.headers  - http-outgoing-0 >> GET /api/trans/product/index HTTP/1.1
[framework] 2017-06-20 20:40:37,039 - org.apache.http.headers -251  [main] DEBUG org.apache.http.headers  - http-outgoing-0 >> Host: api.fanyi.baidu.com
[framework] 2017-06-20 20:40:37,039 - org.apache.http.headers -251  [main] DEBUG org.apache.http.headers  - http-outgoing-0 >> Connection: Keep-Alive
[framework] 2017-06-20 20:40:37,039 - org.apache.http.headers -251  [main] DEBUG org.apache.http.headers  - http-outgoing-0 >> User-Agent: Apache-HttpClient/4.5.3 (Java/1.8.0_131)
[framework] 2017-06-20 20:40:37,043 - org.apache.http.headers -255  [main] DEBUG org.apache.http.headers  - http-outgoing-0 >> Cookie: BAIDUID=DE440FD6DCBEB4E626963E9C4112B496:FG=1
[framework] 2017-06-20 20:40:37,043 - org.apache.http.headers -255  [main] DEBUG org.apache.http.headers  - http-outgoing-0 >> Accept-Encoding: gzip,deflate
[framework] 2017-06-20 20:40:37,043 - org.apache.http.wire -255  [main] DEBUG org.apache.http.wire  - http-outgoing-0 >> "GET /api/trans/product/index HTTP/1.1[\r][\n]"
[framework] 2017-06-20 20:40:37,043 - org.apache.http.wire -255  [main] DEBUG org.apache.http.wire  - http-outgoing-0 >> "Host: api.fanyi.baidu.com[\r][\n]"
[framework] 2017-06-20 20:40:37,043 - org.apache.http.wire -255  [main] DEBUG org.apache.http.wire  - http-outgoing-0 >> "Connection: Keep-Alive[\r][\n]"
[framework] 2017-06-20 20:40:37,044 - org.apache.http.wire -256  [main] DEBUG org.apache.http.wire  - http-outgoing-0 >> "User-Agent: Apache-HttpClient/4.5.3 (Java/1.8.0_131)[\r][\n]"
[framework] 2017-06-20 20:40:37,044 - org.apache.http.wire -256  [main] DEBUG org.apache.http.wire  - http-outgoing-0 >> "Cookie: BAIDUID=DE440FD6DCBEB4E626963E9C4112B496:FG=1[\r][\n]"
[framework] 2017-06-20 20:40:37,044 - org.apache.http.wire -256  [main] DEBUG org.apache.http.wire  - http-outgoing-0 >> "Accept-Encoding: gzip,deflate[\r][\n]"
[framework] 2017-06-20 20:40:37,044 - org.apache.http.wire -256  [main] DEBUG org.apache.http.wire  - http-outgoing-0 >> "[\r][\n]"
[framework] 2017-06-20 20:40:37,068 - org.apache.http.wire -280  [main] DEBUG org.apache.http.wire  - http-outgoing-0 << "HTTP/1.1 200 OK[\r][\n]"
[framework] 2017-06-20 20:40:37,068 - org.apache.http.wire -280  [main] DEBUG org.apache.http.wire  - http-outgoing-0 << "Date: Tue, 20 Jun 2017 12:40:37 GMT[\r][\n]"
[framework] 2017-06-20 20:40:37,068 - org.apache.http.wire -280  [main] DEBUG org.apache.http.wire  - http-outgoing-0 << "Content-Type: text/html[\r][\n]"
[framework] 2017-06-20 20:40:37,068 - org.apache.http.wire -280  [main] DEBUG org.apache.http.wire  - http-outgoing-0 << "Transfer-Encoding: chunked[\r][\n]"
[framework] 2017-06-20 20:40:37,068 - org.apache.http.wire -280  [main] DEBUG org.apache.http.wire  - http-outgoing-0 << "Connection: keep-alive[\r][\n]"
[framework] 2017-06-20 20:40:37,068 - org.apache.http.wire -280  [main] DEBUG org.apache.http.wire  - http-outgoing-0 << "Vary: Accept-Encoding[\r][\n]"
[framework] 2017-06-20 20:40:37,068 - org.apache.http.wire -280  [main] DEBUG org.apache.http.wire  - http-outgoing-0 << "Set-Cookie: API_FE_SEC_STR_01=UkVVME5EQkdSRFpFUTBKRlFqUkZOakkyT1RZelJUbEROREV4TWtJME9UWTZSa2M5TVRFME9UYzVOakkwTXpZNU5qRXVOdz09ZGsyRDE4ODd%2BMyopMiE%3D; expires=Thu, 20-Jul-2017 12:40:36 GMT[\r][\n]"
[framework] 2017-06-20 20:40:37,068 - org.apache.http.wire -280  [main] DEBUG org.apache.http.wire  - http-outgoing-0 << "tracecode: 24369591880945499658062020[\r][\n]"
[framework] 2017-06-20 20:40:37,068 - org.apache.http.wire -280  [main] DEBUG org.apache.http.wire  - http-outgoing-0 << "Content-Encoding: gzip[\r][\n]"
[framework] 2017-06-20 20:40:37,068 - org.apache.http.wire -280  [main] DEBUG org.apache.http.wire  - http-outgoing-0 << "tracecode: 24370361911238374922062020[\r][\n]"
[framework] 2017-06-20 20:40:37,068 - org.apache.http.wire -280  [main] DEBUG org.apache.http.wire  - http-outgoing-0 << "Server: Apache[\r][\n]"
[framework] 2017-06-20 20:40:37,068 - org.apache.http.wire -280  [main] DEBUG org.apache.http.wire  - http-outgoing-0 << "[\r][\n]"
[framework] 2017-06-20 20:40:37,069 - org.apache.http.wire -281  [main] DEBUG org.apache.http.wire  - http-outgoing-0 << "97a[\r][\n]"
[framework] 2017-06-20 20:40:37,069 - org.apache.http.wire -281  [main] DEBUG org.apache.http.wire  - http-outgoing-0 << "[0x1f][0x8b][0x8][0x0][0x0][0x0][0x0][0x0][0x0][0x3][0xb5]Y[0xeb]s[0xd3][0xd8][0x15][0xff][0xce]L[0xff][0x7][0xa1][0x99]v[0xc3]Lm[0xc9][0xcf][0xd8]$6[0x85][0x92][0xed][0xd0]Y[0xb2]@[0xd9][0xf]tg[0xc7]#[0xcb][0xd7][0xb6]@[0x96]TI[0xe][0x9][0xbb];[0x13][0xc8][0x6][0x12][0x1e]I([0x8f],[0x8f][0x96][0xa6][0xdd]@[0xd8]%[0x9][0xbb][0xa1][0xc0]&![0x99]i[0xff][0x94]Z[0xb2][0xfd][0x89][0xa1][0xe7][0xde]+[0xd9][0xd7]r[0xe2]M[0xb6]SfbI[0xf7]q[0xce][0xb9][0xe7][0xf1][0xbb][0xe7][0x1c][0x6][0xf][0x1e][0xff][0xf8][0xb7]g[0xcf][0x9d][0x1a][0xe2][0xca]vE[0xcd][0x1e][0x18][0xf4][0x1f]H*[0xc0]W[0x5][0xd9][0x12]'[0x97]%[0xd3]Bv[0x86][0xaf][0xda][0xc5]P[0x8a][0x87]a[[0xb1]U[0x94][0xad]?[0xd8]r[0xd6][0x9f][0xd6][0xb7]7[0x1a][0xab][0xb7][0x9d][0xcd]q[0xf7][0xee][0x96][0xf3][0xe3][0x9a]3[0xfb]rP[0xa0][0xf3][0xde]vM[0xaa][0xa0][0xc]_@[0x96]l*[0x86][0xad][0xe8][0x1a][0xcf][0xc9][0xba]f#[\r]([0xee]F[0x2]3![0xbc][0xee]fU[0xd1].p&R3[0xbc][0x2][0xcc]x[0xce][0x1e]3@[0x8][0xa5]"[0x95][0x90]`h%[0x9e]+[0x9b][0xa8][0x98][0xe1][0x5][0xcb][0x96]lE[0x16]$C[0x11][0x94]JI(J#x}([0x16][0x1d][0x8d]Es[0xb2][0x94]L[0xa5][0xe5]X[0x98]l[0xb0][0x94]K[0xc8][0xca][0xf0]d[0x86][0xe7][0x4][0x10][0xf0][0xe4][0x11]I[0x8e]F[0x92]9[0x14]I[0xa5]br[0xb1][0x83][0x7][0x99][0x9][0xf2][0xb0][0xca][0xba]i[0xcb]U[0x9b][0xeb]>[0xd0]h[0x88][0x8e][0xf5]<S[0x18][0xd6][0x10][0x9a][0x7][0xe][0xc]RSp[0x96])[0x83][\n]"
[framework] 2017-06-20 20:40:37,069 - org.apache.http.wire -281  [main] DEBUG org.apache.http.wire  - http-outgoing-0 << "[0xf0][0xd9]mS[0xd2],[0xc1]0[0xf5]BU[0xb6][0x5][0x3][0xb4][0x84][0x15]s$[0x97]93[0xf4][0x89]8|[0xfc][0xd8][0xef][0xce][0x1c][0xff][0xe3][0xd0]i[0xf1][0xf7][0x1f][0x9e]>[0xe6][0xc3][0xe1][0xf3]'[0xa2][0x1f][0x9f]=w[0xe9][0xcc]Y[0xf5][0xf8][0xf0][0xf1][0xa1][0xd1][0x93][0x17]N[0x88][0xf0][0x9d]<sAN[0x9f]<;[0x4][0xef]r[0x2][0xd6][0x88]'/[0x9d][0x83][0xe7]Pu[0xf8]b&[0xc3]g[0x7][0x5][0xca][0x15][0x14][0xe7][0xbf]p[0xcc][0xbf][0x11][0xc9][0xe4]r[0xe5][0x8a][0xcd]e[0xe8][0xe3][0x8b]/[0xb8]O?[0x1b]8[0xc0].[0xe9]+V5[0x19];P[0xdf]![0xee][0xf3][0x8e][0x19][0x8e][0xc3][0xdb][0xcb][0x15][0xd8]\[0xd0][0xe5]j[0x5]|+,[0x9b]H[0xb2][0xd1][0x90][0x8a][0xf0]W[0x1f]Oy[0xf2][0x87]:Ir[0xb0])[0xc]j[0x80][0x8d][0xbc] [0xc0]{^R[\n]"
[framework] 2017-06-20 20:40:37,070 - org.apache.http.wire -282  [main] DEBUG org.apache.http.wire  - http-outgoing-0 << "[0xd5][0xb0][0xac]W[0xf0][0xc7]y[0xeb]H2[0x8e][0xe4]B*[0x1a][0x17][0xe3]r"[0x82][0xc4]XANG[0xe4]|[0x1a][0xa5]d1[0x9a]H[0xf4][0xc7][0xf9] =,[0x88][0xc5][0xca]QB[0xb6]'[0x84]ul[0xec][0xac]T[0x1a][0x86]ph[0x8b][0xf3][0xa9][0xf8][0xd9][0x0][0x17]8[0x8b][0x15]6$[0x13][0x84][0x1e][0xd6][0xb]([0xac]h[0x16]2[0xed]c[0xa8][0xa8][0x9b][0xa8][0xaf]\[0xf9]5g[0x5][0x8e][0xf0][0xe5][0xa1]>f[0x84][0xd1]r[0xdb]=-{LEV[0x19]![0xdb][0xf][0x4][0x1b][0x8d][0xda][0x82]lY;[0xc5][0x81]q[0xa1]$H[0x8a][0x9e]C(_,"1[0x8c][0x97][0x9]Y[0xc6][0xdb][0xf7]I[0xe][0x87][0x9c][0xa2][0x15][0xd0]hN[0x8a][0xa7][0x92][0xfd]Q[0xc9][0xa7]([0x94])[0xc8][0xe4][0xf5][0xc2][0x18][0xb8][0xe5]`A[0x19][0xe1]dU[0xb2] [0xca]0@H[0x8a][0x86]L[0xf0][0x1b]f[0x18]o[0xc0]c[0x1d]k[0x15][\r][0xd6]qr[0x11][0xf][0x97]#[0xd9]A[0xc9][0x8f][0xed]n[0xc7]&b[0x0][0xfc]P&[0xaa]^[0xd2][0xf9][0x1e](&[0x81][0xcf][0x2][0xc1][0x3][0x83]U[0xd5][0xdf][0xa2][0x1]>[0x94][0x0]1[0x0]R[0x8][0x0][0xf8][0xe3][0x16]R[0x91]l[0xa3][0x2][0x88][0xfb][0x93][0xec][0xb3][0xcd][0xa7][0xf7][0x9b][0xb][0xff][0x1c][0x14]0}U[0xa1]tz[0xee][0x83][0x83][0x80][[0xf3]Ywf[0xd1][0x99]\t[0xef]_s[0x17][0xfe][0xb1][0xbf][0xed]e[0xa4][0x1a]|[0xd6]y[0xbb][0xe2]\^{;[0xe3][0xde]]uo^[0xde][0x7][0x9]@[0xef][0xb][0xb6]n[0xb4]T[0x7][0xf6][0xb1]t[0x15][0x85]l)[0xf][0x1a]\Y[0xa8][0xcf]]ug[0x9e]9S[0xaf][0x9][0xfc][0xb7][0xe]&T[0xf1][0x95][0xc2][0x18][0xb0][\n]"
[framework] 2017-06-20 20:40:37,070 - org.apache.http.wire -282  [main] DEBUG org.apache.http.wire  - http-outgoing-0 << "[0xce][0x1c]0[0x9f]$[0xcb]zU[0xb3]C[0x17]M[0xc9][0xe0][0xf0]O[0x8][0xec][0xa2][0x10][0xfd][0xfa][0xaa],[0xdb][0xb6]a[0x1d][0x16][0x0][0x97],[0xcb][0x0][0x14]d[0xa2]t$*[0x1c][0xa1][0xeb]}S[0xf8][0xf4]<*[0xf5][0x7][0x1b][0xce][0xbb]{X[0xa6]=[0xd3]3[0x11][0xc0][0xbd][0xe7]#>5[0x18]S,[0x1b][0xb][0xef][0xae]-9WoR[0x82][0x2][0x1c][\r][0xe8][0xee][0xf8][0xf0]0[0x96]^<$[0xde]lT1T[0xc0]$[0x9e]S[\n]"
[framework] 2017-06-20 20:40:37,070 - org.apache.http.wire -282  [main] DEBUG org.apache.http.wire  - http-outgoing-0 << "[0x19][0xde]6[0xd4]PA[0x91]@[0xcc][0x90]d[0x18][0xea][0x18][0x9f][0xfd][0x5][0xc1][0x1]V]d[0xc2]_[0x85]uc`[0x9][0xe8][0xba][0xe0]Z[0x8f]V[0x19]|[0xb0][0xbd][0x80],[0xb2][0xc]I[0xf3][0xcf][0xe3][0xad]"[0x17]4[0x9c]ev[0xae][0xfe][0xcd]:`[0x6][0xac][0xd8][0xc3].Y[0xd5]-[0xd8][0xf5][0xef][0xf9][0xae][0x1d]T[0x5]=[0x5][0xcb]w[0xb]f[0xb4][0xb4]L[0xce][0xe9]e[0x5] [0xd6][0x95]%[0xf7][0xf1][0xb7][0xf5][0xbb]k[0x8d][0xd5]7[0x8d][0xed]kl[0x92]p[0xf4][0xd4][0x9][0xf7]/[0x13][0xcd][0x7]s[0x83][0x82][0x11][0x94][0x18]2[0x15][0x1a][0xd8]y[0xb5][0x8a]By[[0xe3]J[0xba][0xad]S[0xed][0xe2][0xcf][0x16][0xd8]u[0x3][0x3][0x8c]xF[0x80]D[0xc6]yv[0x83][0xf2][0xc6]Ff[0xce]D[0xcc][0xec][0x19][0xc9]{o[0xc1][0xad][0xa7][0xd1]i|[0x9]([0xd6]G[0xd8][0x8f][0xe1]*[0xe0][0xc4][0x1]v[0xf8][0xa8][0xa1]|[0x2]a[0x0][0x13]x[0x9c][0x1]l&N[0xf2][0x12][0x6][0xb5]@[0xa4][0xd0]A[0x12](x[0xa6][0xd3][0xeb][0x98][0xcd][0x15]@N[0x8e][0xa0]b0[0xd4]@[0xcd][0x8a][0x8c]=[0x10][0xb6][0x97][0xa3][0x1d][0xd0][0x87][0x15][0xb][0xf0]2[0xb][0xc0][0x2]3[0x1d]A[0x8b]5C[0xb6][0x85][0xe0]J!{Y[0x8f][0xc2]c[0xa1][0xbc]>[0xba][0xe3]8[0xc9]K[0xf0][0xd5][0x8f][0x1d][0xc][0x9f][0xd5]{[0xd2][0xb8]adn[0xf3][0xc0][0xa1][0x82]i[0x19]Y[0x8a]R[0xce][0xe4]R}n"[0x9a][0xaa]?[0xbb][0xd5]X]n,[0x8d];+u[0xe7]_[0xd7][0xd6][0xff][0xc]i[0xe7][0xfb][0xcd][0x9b][0xee][0xfc][0xdf][0x1a]+[0xdb][0xcd][0xf9][0x95][0xe6][0xdf]o[0xbb]/[0x16][0xc0]5[0x0][0x86][0xf0][0xf8][0xe3][[0xce][0xf5][0x85][0xfa][0xd2][0x9a][0xb3][0xf2][0xd0][0x1d][0xd6][0xfc][0xee][0xeb][0xc6][0xd6]V:[0x1d]N[0xa7][0x89]}[0x87]0X[0x9d]u[0x1f]Oy[0x9][0xec][0xf2]|[0xfd][0xc5]S[0xf7][0xde][0xcb][0xda][0xbb][0x99][0xda][0xfa]LT[0x14]ko[0xaf][0x1][0x99][0xda][0xfa]w[0xce][0xe4][0xad][0xc6][0xab][0x1f])=k}[0xe6]em[0xe3]M[0x87]"[0xca]J[0xa9][0xac][0xc2][0x9f][0x1d][0xa2]Gx[0xbf][0xbd][0xd8]1[0x9f]WJ[0xa1]"[0xdc]k|6[0x9e][0xf6]4[0x11][0x16]E[0x1][0xbc][0x1b]89[0x84]=[0xf0][0xf3]f[0x2]*nSuf[0x9e][0x0]c[0xa0][0xdd]/[0x6]w[0xfb][[0xc9][0xe9]<[0xef][0xe8]q[0x1b][0xb5]|[0xbe]3[\n]"
[framework] 2017-06-20 20:40:37,070 - org.apache.http.wire -282  [main] DEBUG org.apache.http.wire  - http-outgoing-0 << "q[0xa0]d[0xa9][0xff][0xd3][0xfb][0xa6][0x3][0xea][0x18][0x93])[0x9a]M[0xf3]E[0xef][0xee]e[0xa6][0xc0][0xbd]![0x8f]F[0xe0][0x84][0xb0]$[0xa4][0x0][0xf0][0x5]<QVL[0x8c]?`[0x4][0x9f]9[0x19][0x9][0xd1][0xbb][0xdc][0xdb][0x1e][0xf2]VQ[0x9d]{[0x7][\n]"
[framework] 2017-06-20 20:40:37,071 - org.apache.http.wire -283  [main] DEBUG org.apache.http.wire  - http-outgoing-0 << "[\n]"
[framework] 2017-06-20 20:40:37,071 - org.apache.http.wire -283  [main] DEBUG org.apache.http.wire  - http-outgoing-0 << "[0xe0])[0x1b][0xfc]9[0x96][0xad]m~[0xdd]x[0x5][0xd0][0x81][\r][0xf]n[0x1c][0xa3]F[0x9e][0x9d][0xab]m=b[0xfc][0x7]{[0xc2][0xab][0xa5][0xe6][0xb5]Yjx[0xba][0x1c]4[0xdf]xz[0xb5][0xfe][0xe8]~[0xed][0xed][0xf2][0xc6]/7n|[0xf][0xbf][0xee][0xfc]"[0xfc]6[0x9f]<[0x87][0xdf][0xda][0xf6]Wx[0xfc][0xf6]B}y[0xba]>[0xb1][0xdc][0x9c]_[0x2]o[0x4][0x9f][0xec][0x10][0xae][F4[\n]"
[framework] 2017-06-20 20:40:37,071 - org.apache.http.wire -283  [main] DEBUG org.apache.http.wire  - http-outgoing-0 << "[0x90][0xad] mO[0xca]`[0xc3][0x8a][0xd5]G[0x9b]H[%[0xbb]F[0x12][0xd5][0xb9][0x1f]E[0xa0][0x84][0xfa][0xbd]Iwb[0xad][0xf6][0xee]N[0xf3][[0xf0]._+{[0x8b][0x9a]?|t[0xb4];pv[0x5][0x1e][0xab]j[0xe0][0xeb]y[0xf]f[0xdf][0xed][0xa4][0x1e][0x85][0x9f]sL[0xc][0xdc][0xb3][0xb7][0x1b][0xe3][0x93][0xee][0xf4]k[0x92][0xdc][0xf8]'[0xdd]C[0x90];[0xef][0xee][0x0][0x10]8[0xb3][0xab]8[0xda]g[0xe7][0xd9][0x80]'H2[0xed][0xde][0x9b][0x82][0xcc][0xc9][0xb9][0xfe][0xa8][0xc5]e'[0xbb]w[0x9b][0x1f][\n]"
[framework] 2017-06-20 20:40:37,071 - org.apache.http.wire -283  [main] DEBUG org.apache.http.wire  - http-outgoing-0 << "[0x9]@<[0xb8][0xdb][0x9][0xde]:sS[0xb5]w[0x8f]k[0x9b][0xf]j[0x9b][0xaf][0xba]a[0xd6][[0xfb][0x4][0xd9]6[0x7][0x8b]@l[0x87][0x15][0xa8][0xa4][0x11][0x6][0xad]w[0x98][0x8e][0xf6][0x9e][0x8e][0xf5][0x9e][0x8e][0xf7][0x9e]N[0xf4][0x9e]N[0xb2][0x17][0x9][0xbd]@v[0xf5][0xc4][0xa2][0xae][0x93]dm[0xd7]B[0x81][0xbd]z[0xf2]z[0xd5][0xae]Z[0xc4]F[0xf1][0xac]3[0xb9][0x6][0xf0][0xef]N[0xdd][0xae]m[0xbc][0x0][0x1b][0xc5][0x9][0x86]P`[0xa9]?[0xfc][0x8a][0x85][0xc][0xda][0xf2][0xf0]/Mz[0xa3][0x4][0xb0][0x5][0x9c][0x87][0x1][0x1e]?[0xeb][0xa6]Kk[[0xdb][0xee][0xad]7[0x14]ba[0x9d]wQy[0xd8][0xc5] 8#i[0x11]#I[0x1][0xd7]u[0xbe][0xb0][0xb3]7[0xdc][0x89][0xc9][0xe6][0x9d]- [0xd3][0x12][0xb6]#m[0x86][0xac][0xb9][0x8][0xe][0xa8][0xb4]Sf([0x1]%[0x13][0x8a][0xd2][0xc][0x9f][0xcb][0xab][0x12]&[0xc5][0xe6]W4y[0xa7][0x12][0x6][0x9][0x15][0xd0][0x8]Ru[0xc0]3&[0xff][0xde][0x8d]Z+N[0x0]O[0x9d][0xed][0x89]^d[0x3][0xf2]A?[0xc2]([0xe8][0x17]5U[0x97][\n]"
[framework] 2017-06-20 20:40:37,072 - org.apache.http.wire -284  [main] DEBUG org.apache.http.wire  - http-outgoing-0 << "[0x82][0xff][0x12][0xc6]m[0xa9][0xdd]xQ[0xa3][0x1c]=u[0xaa][0xcd]e[0xa7]H[0x84][0x8a]R&n[0xf]Fm\[0xbe][_[0xdb][0x8]X[0xb9]ye[0xa5][0xbe][0xf2][0xfd][0xfb][0xcd][0x87][0xad][0x83]C&[0xa5][0xda][0xfa]a[0xd2][0x1d][0xc1][0x99]{[0xe][0xee][0xcc][0xdf][0xb4]Z[0x4][0x8c]<P[0xff]A[0xfd][0xb9][0xcb]:[0xf6][0xf0][0xa7]O[0xd7][0xb7][0xbe][0x1][0x16][0xd1]H<[0x95][0xe8][0xef][0x17][0x93];[0xe1][0x8]crY7[0xc6]L[0x9c]T[0xf8][0xf1][0x9a][0xfd][0xd7][0xf3]_iy[0xcb][0x18][0xa0][0xbf]Q1[0xd2][0xcf]~[0x1f][0xc3][0xfd][0xb][0xae]>=[0x5]Y[0xb2];=[0xe][0xd0][0x15]L[0xba]:cf[0x9f]U[0x8a][0x82]K[0xdc]V[0xbb]"X[0xaa][0xc0],[0xc9]NI[0x95][0xd2][0xd1][0xd4]`W2[0x85]J[0xa0][0xf1][0xb1][0xf7]ZeO[0x1b][0x83][0xe5]J[0xa7]DT[0xf]li[0x7]!q[0xd1][0xd2][0xcd][0xab][0xa3]n[0xc1][0x87][0xf6][0xcb][0xa9]+K[0xce][0x9b][0x1f]~[0xba]n[0xd9][0x3]E[0xb6][0x16][0xc2][0xf7][0xd2][0xc6][0xa2]3[0xf5]2Ph[0xbb]O[0x16][0xeb][0x8f]o@[0xb1]D9[0x2]<[0xb5]K[0xa3]n[0x16][0xbb]TG~%[0xdf][0xbb]>[0xf2][0xeb][0xff][0xac]3}[0xcb][0xd9][0x1a][0xdf][0xa1][0xe2][0xef][0xa5]\/[0x19]%[0xc5]h[0xab][0xb][0xd8][0xd9][0x85][0xc4]%[0xfe][0xce][0x15]>.[0xfa][0xa1]d[0x12][0xce][BUSr[0xa4][0xac][0xcf]y^[0x86];trA[0x1b]A[0xa6][0x5]-[0x99][0xc][0xe][0x6]1[0x19][0x15][0xa3]b\$[0x97][0x5][0xe9]8[0x93][0x8e][0xa7]@[0x9a]L~[0xe3][0x93])[0xca][0xcf]K#[0x92][0xd7][0x1b][0xf4][0xfa][0xa1]LK[0xd8]o[0x85]%[0xf2][0xa2][0x14]M[0xc5][0x80][0x1d]Kv[0xbf][0xd4]H[0xf7][0xc9]k[0x85][0xc5][0x13][0xc5][0x98][0x14][0x89][0xec][0x8b]b[0xf6]`[0xbb][0x1][0xfa]9V&iz[0x92][0x96][0x18][0x14][0x93]&[0xfa]SU[0x81][0x1e][0xe1][0x7][0x80]Q[0x87]/*[0x5][0x80]x[0xd2]`C[0xa6][0xf7][0x0]^[0x1f][0x1c][0x1a][0xe0]h)Jg[0xa0][0xbb][0xa8][0xd8][0xd0]>[0x84][0xc1]/[0xe1][0xd1][0xd2][0x18][0xdc]%[0xf4][0x3][0xe][0x86]B[0xd1]x,[0x99]N[0xa4][0xa1]M-[0xa6][0xe3][0x89]x:[0x9d]L[0xa4][0xa8][0x92]C![0x9c]CP[0x1d][0x13]Yr[0x0][0x80]2[0xca][0xe1][0xf6]1[0xb1]S[0x1][0xc4]jo[0x1f]h[0x1b][0xff][0xbf]e[\n]"
[framework] 2017-06-20 20:40:37,082 - org.apache.http.wire -294  [main] DEBUG org.apache.http.wire  - http-outgoing-0 << "[0xf][0xbb]v[0x18][0x0][0x0][\r][\n]"
[framework] 2017-06-20 20:40:37,083 - org.apache.http.headers -295  [main] DEBUG org.apache.http.headers  - http-outgoing-0 << HTTP/1.1 200 OK
[framework] 2017-06-20 20:40:37,088 - org.apache.http.headers -300  [main] DEBUG org.apache.http.headers  - http-outgoing-0 << Date: Tue, 20 Jun 2017 12:40:37 GMT
[framework] 2017-06-20 20:40:37,088 - org.apache.http.headers -300  [main] DEBUG org.apache.http.headers  - http-outgoing-0 << Content-Type: text/html
[framework] 2017-06-20 20:40:37,088 - org.apache.http.headers -300  [main] DEBUG org.apache.http.headers  - http-outgoing-0 << Transfer-Encoding: chunked
[framework] 2017-06-20 20:40:37,088 - org.apache.http.headers -300  [main] DEBUG org.apache.http.headers  - http-outgoing-0 << Connection: keep-alive
[framework] 2017-06-20 20:40:37,088 - org.apache.http.headers -300  [main] DEBUG org.apache.http.headers  - http-outgoing-0 << Vary: Accept-Encoding
[framework] 2017-06-20 20:40:37,088 - org.apache.http.headers -300  [main] DEBUG org.apache.http.headers  - http-outgoing-0 << Set-Cookie: API_FE_SEC_STR_01=UkVVME5EQkdSRFpFUTBKRlFqUkZOakkyT1RZelJUbEROREV4TWtJME9UWTZSa2M5TVRFME9UYzVOakkwTXpZNU5qRXVOdz09ZGsyRDE4ODd%2BMyopMiE%3D; expires=Thu, 20-Jul-2017 12:40:36 GMT
[framework] 2017-06-20 20:40:37,088 - org.apache.http.headers -300  [main] DEBUG org.apache.http.headers  - http-outgoing-0 << tracecode: 24369591880945499658062020
[framework] 2017-06-20 20:40:37,088 - org.apache.http.headers -300  [main] DEBUG org.apache.http.headers  - http-outgoing-0 << Content-Encoding: gzip
[framework] 2017-06-20 20:40:37,088 - org.apache.http.headers -300  [main] DEBUG org.apache.http.headers  - http-outgoing-0 << tracecode: 24370361911238374922062020
[framework] 2017-06-20 20:40:37,088 - org.apache.http.headers -300  [main] DEBUG org.apache.http.headers  - http-outgoing-0 << Server: Apache
[framework] 2017-06-20 20:40:37,089 - org.apache.http.impl.execchain.MainClientExec -301  [main] DEBUG org.apache.http.impl.execchain.MainClientExec  - Connection can be kept alive indefinitely
[framework] 2017-06-20 20:40:37,090 - org.apache.http.client.protocol.ResponseProcessCookies -302  [main] DEBUG org.apache.http.client.protocol.ResponseProcessCookies  - Cookie accepted [API_FE_SEC_STR_01="UkVVME5EQkdSRFpFUTBKRlFqUkZOakkyT1RZelJUbEROREV4TWtJME9UWTZSa2M5TVRFME9UYzVOakkwTXpZNU5qRXVOdz09ZGsy...", version:0, domain:api.fanyi.baidu.com, path:/api/trans/product, expiry:Thu Jul 20 20:40:36 CST 2017]
[framework] 2017-06-20 20:40:37,101 - org.apache.http.wire -313  [main] DEBUG org.apache.http.wire  - http-outgoing-0 << "0[\r][\n]"
[framework] 2017-06-20 20:40:37,101 - org.apache.http.wire -313  [main] DEBUG org.apache.http.wire  - http-outgoing-0 << "[\r][\n]"
[framework] 2017-06-20 20:40:37,101 - org.apache.http.impl.conn.PoolingHttpClientConnectionManager -313  [main] DEBUG org.apache.http.impl.conn.PoolingHttpClientConnectionManager  - Connection [id: 0][route: {}->http://api.fanyi.baidu.com:80] can be kept alive indefinitely
[framework] 2017-06-20 20:40:37,102 - org.apache.http.impl.conn.PoolingHttpClientConnectionManager -314  [main] DEBUG org.apache.http.impl.conn.PoolingHttpClientConnectionManager  - Connection released: [id: 0][route: {}->http://api.fanyi.baidu.com:80][total kept alive: 1; route allocated: 1 of 2; total allocated: 1 of 20]
